<?xml version="1.0" encoding="UTF-8"?>
<!-- Generated by org.testng.reporters.JUnitXMLReporter -->
<testsuite ignored="2" hostname="HYDLPT-2GMTQ" failures="0" tests="1" name="PM Login" time="22.737" errors="0" timestamp="2022-08-11T16:11:53 IST">
  <testcase classname="com.reporting.testcases.LoginPageTest" name="loginTest" time="11.529"/>
  <testcase classname="com.reporting.testcases.LoginPageTest" name="validateSirconLogoTest" time="0.0">
    <ignored/>
  </testcase> <!-- validateSirconLogoTest -->
  <testcase classname="com.reporting.testcases.LoginPageTest" name="validateLoginPageTitleTest" time="0.0">
    <ignored/>
  </testcase> <!-- validateLoginPageTitleTest -->
</testsuite> <!-- PM Login -->
